================================================================================
Appcelerator Titanium Diagnostics Build Log
The contents of this file are useful to send to Appcelerator Support if
reporting an issue to help us understand your environment, build settings
and aid in debugging. Please attach this log to any issue that you report.
================================================================================

Starting build at 07/01/12 13:20

Build details:

   timestamp=06/28/12 12:16
   module_apiversion=2
   version=2.1.0
   githash=6e3cab6


Script arguments:
   /Volumes/Macintosh HD/Users/michael/Library/Application Support/Titanium/mobilesdk/osx/2.1.0.GA/iphone/builder.py
   adhoc
   5.0
   /Volumes/Data/Users/michael/Documents/Workfiles/Workout Log/Git - Repository/Titanium
   de.michael-kuehnel.de.titanium-workout-log
   Workout Log
   2BCC5828-2A4A-481E-A8A0-83FCB3D33776
   Michael Kuehnel
   iphone

Building from: /Volumes/Data/Users/michael/Library/Application Support/Titanium/mobilesdk/osx/2.1.0.GA/iphone
Platform: Darwin Kernel Version 11.4.0: Mon Apr  9 19:32:15 PDT 2012; root:xnu-1699.26.8~1/RELEASE_X86_64

Xcode path is: /Developer

Reading provisioning profile:

<?xml version="1.0" encoding="UTF-8"?>
<!DOCTYPE plist PUBLIC "-//Apple//DTD PLIST 1.0//EN" "http://www.apple.com/DTDs/PropertyList-1.0.dtd">
<plist version="1.0">
<dict>
	<key>ApplicationIdentifierPrefix</key>
	<array>
		<string>HGV49HS554</string>
	</array>
	<key>CreationDate</key>
	<date>2012-07-01T10:41:45Z</date>
	<key>DeveloperCertificates</key>
	<array>
		<data>
		MIIFbjCCBFagAwIBAgIIYvAqbpmHJBIwDQYJKoZIhvcNAQEFBQAwgZYxCzAJ
		BgNVBAYTAlVTMRMwEQYDVQQKDApBcHBsZSBJbmMuMSwwKgYDVQQLDCNBcHBs
		ZSBXb3JsZHdpZGUgRGV2ZWxvcGVyIFJlbGF0aW9uczFEMEIGA1UEAww7QXBw
		bGUgV29ybGR3aWRlIERldmVsb3BlciBSZWxhdGlvbnMgQ2VydGlmaWNhdGlv
		biBBdXRob3JpdHkwHhcNMTExMTIzMjIzODAyWhcNMTIxMTIyMjIzODAyWjBi
		MRowGAYKCZImiZPyLGQBAQwKNllLSFo1SDRYVDE3MDUGA1UEAwwuaVBob25l
		IERldmVsb3BlcjogTWljaGFlbCBLdWVobmVsIChONUdYMjQ5WEdOKTELMAkG
		A1UEBhMCREUwggEiMA0GCSqGSIb3DQEBAQUAA4IBDwAwggEKAoIBAQDkO1wx
		Ehd35kJRpQ4LJHokxV/Z1jKKWqJY1wQ57q0pF+JykixTOlCnorLecMLbmFOj
		MXCBdpR+q3VF3HRsXw89eK/Zv5M+bSdFDc5f4y/aSSkmbIXsYFliyoKZCHR9
		uZDDbMuB1oJeZ/tgwqXOmKr6cLSdb2TO0ryRCtg5qf55WB7jL2G3/S/V9oHA
		23L5H7srpe3g+m3rZaxnio5xCHPui4NV9XEdYZgCQFQGENGBTUShhnWNN4PM
		OwWfpJZTXyuGorQWvRYZnVjzzbRb9cBlL7p+zvyKhXRIf7fXlmB8V3JS/YNl
		+z//cJqmgNaDsS0KWLe/RESBE+1XYKg+z53lAgMBAAGjggHxMIIB7TAdBgNV
		HQ4EFgQUSNIl+nlrd/f7ZEhbTj/wrRrFLK8wDAYDVR0TAQH/BAIwADAfBgNV
		HSMEGDAWgBSIJxcJqbYYYIvs67r2R1nFUlSjtzCCAQ8GA1UdIASCAQYwggEC
		MIH/BgkqhkiG92NkBQEwgfEwgcMGCCsGAQUFBwICMIG2DIGzUmVsaWFuY2Ug
		b24gdGhpcyBjZXJ0aWZpY2F0ZSBieSBhbnkgcGFydHkgYXNzdW1lcyBhY2Nl
		cHRhbmNlIG9mIHRoZSB0aGVuIGFwcGxpY2FibGUgc3RhbmRhcmQgdGVybXMg
		YW5kIGNvbmRpdGlvbnMgb2YgdXNlLCBjZXJ0aWZpY2F0ZSBwb2xpY3kgYW5k
		IGNlcnRpZmljYXRpb24gcHJhY3RpY2Ugc3RhdGVtZW50cy4wKQYIKwYBBQUH
		AgEWHWh0dHA6Ly93d3cuYXBwbGUuY29tL2FwcGxlY2EvME0GA1UdHwRGMEQw
		QqBAoD6GPGh0dHA6Ly9kZXZlbG9wZXIuYXBwbGUuY29tL2NlcnRpZmljYXRp
		b25hdXRob3JpdHkvd3dkcmNhLmNybDAOBgNVHQ8BAf8EBAMCB4AwFgYDVR0l
		AQH/BAwwCgYIKwYBBQUHAwMwEwYKKoZIhvdjZAYBAgEB/wQCBQAwDQYJKoZI
		hvcNAQEFBQADggEBAK6WyFf/5AxN7KLeiMGgPXSANIGCumqxyeIy87TTgip1
		5+3VEC/4MCApuxuaa+LF32xtgRYNTjLPYKsBNLTo5fF+SDYpY/X48i9LCwD1
		9/3AfHCmkeUA1gyDc5aLwkFiC/26X5y03ewNUwlaqZkY8RsaR5cjEL5Q0Hmj
		nw+nyMasibrOZ8/8qqf76jd+yXxMiZesGasv5xbWMDW1WcgpaM23Z3XixHQk
		smwQS0hOr2oo/3PK7tyxx3995Ugw1FOMDdCkLoNMSzkBbz+87wujxGK4Y5v5
		+bdbuIzBmerqdTCtSjv3uISl77bJxuTbQ+fjo7cAN8tADk57n6u6JoAgvL4=
		</data>
	</array>
	<key>Entitlements</key>
	<dict>
		<key>application-identifier</key>
		<string>HGV49HS554.de.michael-kuehnel.de.titanium-workout-log</string>
		<key>get-task-allow</key>
		<true/>
		<key>keychain-access-groups</key>
		<array>
			<string>HGV49HS554.*</string>
		</array>
	</dict>
	<key>ExpirationDate</key>
	<date>2013-07-01T10:41:45Z</date>
	<key>Name</key>
	<string>Titanium Workout Log</string>
	<key>ProvisionedDevices</key>
	<array>
		<string>5635db31f03fc8a7c9b8ac8340b5367874dd5435</string>
	</array>
	<key>TeamIdentifier</key>
	<array>
		<string>HGV49HS554</string>
	</array>
	<key>TimeToLive</key>
	<integer>365</integer>
	<key>UUID</key>
	<string>2BCC5828-2A4A-481E-A8A0-83FCB3D33776</string>
	<key>Version</key>
	<integer>1</integer>
</dict>
</plist>

githash=6e3cab6, existing_git_hash=None
forcing rebuild since libhash (None) not matching (6b039db50f01934ab31311c911af38db)
Performing full rebuild
Generated the following stylecode code:

<?xml version="1.0" encoding="UTF-8"?>
<!DOCTYPE plist PUBLIC "-//Apple//DTD PLIST 1.0//EN" "http://www.apple.com/DTDs/PropertyList-1.0.dtd">
<plist version="1.0">
	<dict>
		<key>classes</key>
		<dict>
</dict>

		<key>classes_density</key>
		<dict>
</dict>

		<key>ids</key>
		<dict>
</dict>

		<key>ids_density</key>
		<dict>
</dict>

		<key>tags</key>
		<dict>
</dict>

		<key>tags_density</key>
		<dict>
</dict>

	</dict>
</plist>
Performing clean build...

File listing for /Volumes/Data/Users/michael/Documents/Workfiles/Workout Log/Git - Repository/Titanium

  .DS_Store                                                                                                                [6148]  
  .gitignore                                                                                                               [4]     
  .project                                                                                                                 [550]   
  CHANGELOG.txt                                                                                                            [95]    
  LICENSE                                                                                                                  [11491] 
  LICENSE.txt                                                                                                              [92]    
  manifest                                                                                                                 [220]   
  tiapp.xml                                                                                                                [1882]  
  .settings/com.appcelerator.titanium.core.prefs                                                                           [2130]  
  .settings/com.aptana.editor.common.prefs                                                                                 [95]    
  build/.DS_Store                                                                                                          [6148]  
  build/iphone/.DS_Store                                                                                                   [6148]  
  build/iphone/Info.plist                                                                                                  [1730]  
  build/iphone/main.m                                                                                                      [1545]  
  build/iphone/module.xcconfig                                                                                             [43]    
  build/iphone/project.xcconfig                                                                                            [332]   
  build/iphone/Workout Log_Prefix.pch                                                                                      [340]   
  build/iphone/assets/app_js                                                                                               [731]   
  build/iphone/assets/ui/ApplicationTabGroup_js                                                                            [775]   
  build/iphone/assets/ui/ApplicationWindow_js                                                                              [546]   
  build/iphone/build/build.log                                                                                             [7715]  
  build/iphone/build/Release-iphoneos/Workout Log.app/de.lproj/Localizable.strings                                         [224]   
  build/iphone/build/Release-iphoneos/Workout Log.app/en.lproj/Localizable.strings                                         [166]   
  build/iphone/Classes/AccelerometerModule.h                                                                               [459]   
  build/iphone/Classes/AccelerometerModule.m                                                                               [1265]  
  build/iphone/Classes/AnalyticsModule.h                                                                                   [575]   
  build/iphone/Classes/AnalyticsModule.mm                                                                                  [21940] 
  build/iphone/Classes/APIModule.h                                                                                         [476]   
  build/iphone/Classes/APIModule.m                                                                                         [3069]  
  build/iphone/Classes/ApplicationDefaults.h                                                                               [450]   
  build/iphone/Classes/ApplicationDefaults.m                                                                               [455]   
  build/iphone/Classes/ApplicationMods.h                                                                                   [219]   
  build/iphone/Classes/ApplicationMods.m                                                                                   [221]   
  build/iphone/Classes/ApplicationRouting.h                                                                                [239]   
  build/iphone/Classes/ApplicationRouting.m                                                                                [282]   
  build/iphone/Classes/AppModule.h                                                                                         [1658]  
  build/iphone/Classes/AppModule.m                                                                                         [11419] 
  build/iphone/Classes/AQRecorder.h                                                                                        [4177]  
  build/iphone/Classes/AQRecorder.mm                                                                                       [12397] 
  build/iphone/Classes/AsyncSocket.h                                                                                       [31367] 
  build/iphone/Classes/AsyncSocket.m                                                                                       [125641]
  build/iphone/Classes/AsyncUdpSocket.h                                                                                    [14306] 
  build/iphone/Classes/AsyncUdpSocket.m                                                                                    [66425] 
  build/iphone/Classes/Base64Transcoder.c                                                                                  [9380]  
  build/iphone/Classes/Base64Transcoder.h                                                                                  [1726]  
  build/iphone/Classes/Bridge.h                                                                                            [701]   
  build/iphone/Classes/Bridge.m                                                                                            [1442]  
  build/iphone/Classes/CADebugMacros.cpp                                                                                   [3099]  
  build/iphone/Classes/CADebugMacros.h                                                                                     [19530] 
  build/iphone/Classes/CAMath.h                                                                                            [3186]  
  build/iphone/Classes/CAStreamBasicDescription.cpp                                                                        [18953] 
  build/iphone/Classes/CAStreamBasicDescription.h                                                                          [12015] 
  build/iphone/Classes/CAXException.cpp                                                                                    [2551]  
  build/iphone/Classes/CAXException.h                                                                                      [6733]  
  build/iphone/Classes/CodecModule.h                                                                                       [1451]  
  build/iphone/Classes/CodecModule.m                                                                                       [12932] 
  build/iphone/Classes/ContactsModule.h                                                                                    [1388]  
  build/iphone/Classes/ContactsModule.m                                                                                    [14943] 
  build/iphone/Classes/DatabaseModule.h                                                                                    [551]   
  build/iphone/Classes/DatabaseModule.m                                                                                    [1293]  
  build/iphone/Classes/defines.h                                                                                           [189]   
  build/iphone/Classes/FacebookModule.h                                                                                    [1097]  
  build/iphone/Classes/FacebookModule.m                                                                                    [14300] 
  build/iphone/Classes/FilesystemModule.h                                                                                  [1000]  
  build/iphone/Classes/FilesystemModule.m                                                                                  [4310]  
  build/iphone/Classes/GDataXMLNode.h                                                                                      [8020]  
  build/iphone/Classes/GDataXMLNode.m                                                                                      [51010] 
  build/iphone/Classes/GeolocationModule.h                                                                                 [2858]  
  build/iphone/Classes/GeolocationModule.mm                                                                                [22141] 
  build/iphone/Classes/GestureModule.h                                                                                     [877]   
  build/iphone/Classes/GestureModule.m                                                                                     [3694]  
  build/iphone/Classes/ImageLoader.h                                                                                       [5467]  
  build/iphone/Classes/ImageLoader.m                                                                                       [21456] 
  build/iphone/Classes/KrollBridge.h                                                                                       [2421]  
  build/iphone/Classes/KrollBridge.mm                                                                                      [27529] 
  build/iphone/Classes/KrollCallback.h                                                                                     [2741]  
  build/iphone/Classes/KrollCallback.m                                                                                     [6089]  
  build/iphone/Classes/KrollContext.h                                                                                      [5317]  
  build/iphone/Classes/KrollContext.mm                                                                                     [40156] 
  build/iphone/Classes/KrollCoverage.h                                                                                     [2220]  
  build/iphone/Classes/KrollCoverage.m                                                                                     [8703]  
  build/iphone/Classes/KrollMethod.h                                                                                       [1513]  
  build/iphone/Classes/KrollMethod.m                                                                                       [8326]  
  build/iphone/Classes/KrollMethodDelegate.h                                                                               [771]   
  build/iphone/Classes/KrollMethodDelegate.m                                                                               [753]   
  build/iphone/Classes/KrollObject.h                                                                                       [3311]  
  build/iphone/Classes/KrollObject.m                                                                                       [47326] 
  build/iphone/Classes/KrollPropertyDelegate.h                                                                             [733]   
  build/iphone/Classes/KrollPropertyDelegate.m                                                                             [692]   
  build/iphone/Classes/KrollTimer.h                                                                                        [947]   
  build/iphone/Classes/KrollTimer.m                                                                                        [3503]  
  build/iphone/Classes/LauncherButton.h                                                                                    [1564]  
  build/iphone/Classes/LauncherButton.m                                                                                    [6448]  
  build/iphone/Classes/LauncherItem.h                                                                                      [1830]  
  build/iphone/Classes/LauncherItem.m                                                                                      [2218]  
  build/iphone/Classes/LauncherView.h                                                                                      [3037]  
  build/iphone/Classes/LauncherView.m                                                                                      [23958] 
  build/iphone/Classes/LayoutConstraint.h                                                                                  [3059]  
  build/iphone/Classes/LayoutConstraint.m                                                                                  [14867] 
  build/iphone/Classes/ListenerEntry.h                                                                                     [702]   
  build/iphone/Classes/ListenerEntry.m                                                                                     [958]   
  build/iphone/Classes/LocaleModule.h                                                                                      [401]   
  build/iphone/Classes/LocaleModule.m                                                                                      [2158]  
  build/iphone/Classes/MapModule.h                                                                                         [1096]  
  build/iphone/Classes/MapModule.m                                                                                         [1164]  
  build/iphone/Classes/MediaModule.h                                                                                       [9617]  
  build/iphone/Classes/MediaModule.m                                                                                       [57493] 
  build/iphone/Classes/Mimetypes.h                                                                                         [516]   
  build/iphone/Classes/Mimetypes.m                                                                                         [2419]  
  build/iphone/Classes/NetworkModule.h                                                                                     [2246]  
  build/iphone/Classes/NetworkModule.m                                                                                     [10640] 
  build/iphone/Classes/NSData+Additions.h                                                                                  [545]   
  build/iphone/Classes/NSData+Additions.mm                                                                                 [5710]  
  build/iphone/Classes/OperationQueue.h                                                                                    [1211]  
  build/iphone/Classes/OperationQueue.m                                                                                    [2610]  
  build/iphone/Classes/PlatformModule.h                                                                                    [1810]  
  build/iphone/Classes/PlatformModule.m                                                                                    [9728]  
  build/iphone/Classes/SBJSON.h                                                                                            [5440]  
  build/iphone/Classes/SBJSON.m                                                                                            [30063] 
  build/iphone/Classes/SCListener.h                                                                                        [653]   
  build/iphone/Classes/SCListener.m                                                                                        [3969]  
  build/iphone/Classes/StreamModule.h                                                                                      [1047]  
  build/iphone/Classes/StreamModule.m                                                                                      [10520] 
  build/iphone/Classes/Ti2DMatrix.h                                                                                        [1377]  
  build/iphone/Classes/Ti2DMatrix.m                                                                                        [2874]  
  build/iphone/Classes/Ti3DMatrix.h                                                                                        [1651]  
  build/iphone/Classes/Ti3DMatrix.m                                                                                        [3164]  
  build/iphone/Classes/TiAction.h                                                                                          [1162]  
  build/iphone/Classes/TiAction.m                                                                                          [763]   
  build/iphone/Classes/TiAnimation.h                                                                                       [4847]  
  build/iphone/Classes/TiAnimation.m                                                                                       [17719] 
  build/iphone/Classes/TiApp.h                                                                                             [4684]  
  build/iphone/Classes/TiApp.mm                                                                                            [22085] 
  build/iphone/Classes/TiAppiOSBackgroundServiceProxy.h                                                                    [542]   
  build/iphone/Classes/TiAppiOSBackgroundServiceProxy.m                                                                    [1363]  
  build/iphone/Classes/TiAppiOSLocalNotificationProxy.h                                                                    [571]   
  build/iphone/Classes/TiAppiOSLocalNotificationProxy.m                                                                    [841]   
  build/iphone/Classes/TiAppiOSProxy.h                                                                                     [514]   
  build/iphone/Classes/TiAppiOSProxy.m                                                                                     [5536]  
  build/iphone/Classes/TiAppPropertiesProxy.h                                                                              [830]   
  build/iphone/Classes/TiAppPropertiesProxy.m                                                                              [3247]  
  build/iphone/Classes/TiBase.h                                                                                            [18676] 
  build/iphone/Classes/TiBase.m                                                                                            [10527] 
  build/iphone/Classes/TiBlob.h                                                                                            [2918]  
  build/iphone/Classes/TiBlob.m                                                                                            [8338]  
  build/iphone/Classes/TiBuffer.h                                                                                          [1353]  
  build/iphone/Classes/TiBuffer.m                                                                                          [13800] 
  build/iphone/Classes/TiButtonUtil.h                                                                                      [449]   
  build/iphone/Classes/TiButtonUtil.m                                                                                      [1346]  
  build/iphone/Classes/TiColor.h                                                                                           [1259]  
  build/iphone/Classes/TiColor.m                                                                                           [1556]  
  build/iphone/Classes/TiComplexValue.h                                                                                    [1079]  
  build/iphone/Classes/TiComplexValue.m                                                                                    [715]   
  build/iphone/Classes/TiConsole.h                                                                                         [704]   
  build/iphone/Classes/TiConsole.m                                                                                         [456]   
  build/iphone/Classes/TiContactsGroup.h                                                                                   [766]   
  build/iphone/Classes/TiContactsGroup.m                                                                                   [4957]  
  build/iphone/Classes/TiContactsPerson.h                                                                                  [905]   
  build/iphone/Classes/TiContactsPerson.m                                                                                  [12058] 
  build/iphone/Classes/TiController.h                                                                                      [498]   
  build/iphone/Classes/TiDatabaseProxy.h                                                                                   [889]   
  build/iphone/Classes/TiDatabaseProxy.m                                                                                   [7682]  
  build/iphone/Classes/TiDatabaseResultSetProxy.h                                                                          [809]   
  build/iphone/Classes/TiDatabaseResultSetProxy.m                                                                          [6038]  
  build/iphone/Classes/TiDataStream.h                                                                                      [675]   
  build/iphone/Classes/TiDataStream.m                                                                                      [10093] 
  build/iphone/Classes/TiDebugger.h                                                                                        [989]   
  build/iphone/Classes/TiDimension.h                                                                                       [7832]  
  build/iphone/Classes/TiDimension.m                                                                                       [1713]  
  build/iphone/Classes/TiDOMAttrProxy.h                                                                                    [889]   
  build/iphone/Classes/TiDOMAttrProxy.m                                                                                    [2215]  
  build/iphone/Classes/TiDOMCDATANodeProxy.h                                                                               [472]   
  build/iphone/Classes/TiDOMCDATANodeProxy.m                                                                               [456]   
  build/iphone/Classes/TIDOMCharacterDataProxy.h                                                                           [753]   
  build/iphone/Classes/TIDOMCharacterDataProxy.m                                                                           [3480]  
  build/iphone/Classes/TiDOMCommentProxy.h                                                                                 [480]   
  build/iphone/Classes/TiDOMCommentProxy.m                                                                                 [452]   
  build/iphone/Classes/TiDOMDocFragProxy.h                                                                                 [519]   
  build/iphone/Classes/TiDOMDocFragProxy.m                                                                                 [596]   
  build/iphone/Classes/TiDOMDocumentProxy.h                                                                                [558]   
  build/iphone/Classes/TiDOMDocumentProxy.m                                                                                [15659] 
  build/iphone/Classes/TIDOMDocumentTypeProxy.h                                                                            [754]   
  build/iphone/Classes/TIDOMDocumentTypeProxy.m                                                                            [1667]  
  build/iphone/Classes/TIDOMDOMImplementationProxy.h                                                                       [475]   
  build/iphone/Classes/TIDOMDOMImplementationProxy.m                                                                       [4325]  
  build/iphone/Classes/TiDOMElementProxy.h                                                                                 [804]   
  build/iphone/Classes/TiDOMElementProxy.m                                                                                 [23686] 
  build/iphone/Classes/TiDOMEntityProxy.h                                                                                  [600]   
  build/iphone/Classes/TiDOMEntityProxy.m                                                                                  [703]   
  build/iphone/Classes/TiDOMEntityRefProxy.h                                                                               [463]   
  build/iphone/Classes/TiDOMEntityRefProxy.m                                                                               [542]   
  build/iphone/Classes/TiDOMNamedNodeMapProxy.h                                                                            [889]   
  build/iphone/Classes/TiDOMNamedNodeMapProxy.m                                                                            [3395]  
  build/iphone/Classes/TiDOMNodeListProxy.h                                                                                [629]   
  build/iphone/Classes/TiDOMNodeListProxy.m                                                                                [1237]  
  build/iphone/Classes/TiDOMNodeProxy.h                                                                                    [2743]  
  build/iphone/Classes/TiDOMNodeProxy.m                                                                                    [17536] 
  build/iphone/Classes/TiDOMNotationProxy.h                                                                                [556]   
  build/iphone/Classes/TiDOMNotationProxy.m                                                                                [650]   
  build/iphone/Classes/TiDOMPIProxy.h                                                                                      [629]   
  build/iphone/Classes/TiDOMPIProxy.m                                                                                      [765]   
  build/iphone/Classes/TiDOMTextNodeProxy.h                                                                                [559]   
  build/iphone/Classes/TiDOMTextNodeProxy.m                                                                                [2400]  
  build/iphone/Classes/TiDOMValidator.h                                                                                    [634]   
  build/iphone/Classes/TiDOMValidator.m                                                                                    [1323]  
  build/iphone/Classes/TiErrorController.h                                                                                 [441]   
  build/iphone/Classes/TiErrorController.m                                                                                 [3331]  
  build/iphone/Classes/TiEvaluator.h                                                                                       [1322]  
  build/iphone/Classes/TiFacebookDialogRequest.h                                                                           [645]   
  build/iphone/Classes/TiFacebookDialogRequest.m                                                                           [3314]  
  build/iphone/Classes/TiFacebookLoginButton.h                                                                             [540]   
  build/iphone/Classes/TiFacebookLoginButton.m                                                                             [3273]  
  build/iphone/Classes/TiFacebookLoginButtonProxy.h                                                                        [753]   
  build/iphone/Classes/TiFacebookLoginButtonProxy.m                                                                        [1148]  
  build/iphone/Classes/TiFacebookRequest.h                                                                                 [710]   
  build/iphone/Classes/TiFacebookRequest.m                                                                                 [2604]  
  build/iphone/Classes/TiFile.h                                                                                            [1749]  
  build/iphone/Classes/TiFile.m                                                                                            [2515]  
  build/iphone/Classes/TiFilesystemBlobProxy.h                                                                             [529]   
  build/iphone/Classes/TiFilesystemBlobProxy.m                                                                             [2529]  
  build/iphone/Classes/TiFilesystemFileProxy.h                                                                             [1036]  
  build/iphone/Classes/TiFilesystemFileProxy.m                                                                             [12603] 
  build/iphone/Classes/TiFilesystemFileStreamProxy.h                                                                       [551]   
  build/iphone/Classes/TiFilesystemFileStreamProxy.m                                                                       [11617] 
  build/iphone/Classes/TiGradient.h                                                                                        [1617]  
  build/iphone/Classes/TiGradient.m                                                                                        [6480]  
  build/iphone/Classes/TiHost.h                                                                                            [1366]  
  build/iphone/Classes/TiHost.m                                                                                            [4250]  
  build/iphone/Classes/TiLayoutQueue.h                                                                                     [727]   
  build/iphone/Classes/TiLayoutQueue.m                                                                                     [2763]  
  build/iphone/Classes/TiLocale.h                                                                                          [1068]  
  build/iphone/Classes/TiLocale.m                                                                                          [1523]  
  build/iphone/Classes/TiMapAnnotationProxy.h                                                                              [1168]  
  build/iphone/Classes/TiMapAnnotationProxy.m                                                                              [6372]  
  build/iphone/Classes/TiMapImageAnnotationView.h                                                                          [699]   
  build/iphone/Classes/TiMapImageAnnotationView.m                                                                          [2138]  
  build/iphone/Classes/TiMapPinAnnotationView.h                                                                            [682]   
  build/iphone/Classes/TiMapPinAnnotationView.m                                                                            [1979]  
  build/iphone/Classes/TiMapView.h                                                                                         [2066]  
  build/iphone/Classes/TiMapView.m                                                                                         [23686] 
  build/iphone/Classes/TiMapViewProxy.h                                                                                    [1322]  
  build/iphone/Classes/TiMapViewProxy.m                                                                                    [9628]  
  build/iphone/Classes/TiMediaAudioPlayerProxy.h                                                                           [1717]  
  build/iphone/Classes/TiMediaAudioPlayerProxy.m                                                                           [8534]  
  build/iphone/Classes/TiMediaAudioRecorderProxy.h                                                                         [929]   
  build/iphone/Classes/TiMediaAudioRecorderProxy.mm                                                                        [5487]  
  build/iphone/Classes/TiMediaAudioSession.h                                                                               [1477]  
  build/iphone/Classes/TiMediaAudioSession.m                                                                               [9707]  
  build/iphone/Classes/TiMediaItem.h                                                                                       [1908]  
  build/iphone/Classes/TiMediaItem.m                                                                                       [1472]  
  build/iphone/Classes/TiMediaMusicPlayer.h                                                                                [1257]  
  build/iphone/Classes/TiMediaMusicPlayer.m                                                                                [5951]  
  build/iphone/Classes/TiMediaSoundProxy.h                                                                                 [1012]  
  build/iphone/Classes/TiMediaSoundProxy.m                                                                                 [9225]  
  build/iphone/Classes/TiMediaVideoPlayer.h                                                                                [736]   
  build/iphone/Classes/TiMediaVideoPlayer.m                                                                                [3712]  
  build/iphone/Classes/TiMediaVideoPlayerProxy.h                                                                           [1905]  
  build/iphone/Classes/TiMediaVideoPlayerProxy.m                                                                           [25069] 
  build/iphone/Classes/TiModule.h                                                                                          [1876]  
  build/iphone/Classes/TiModule.m                                                                                          [6476]  
  build/iphone/Classes/TiNetworkBonjourBrowserProxy.h                                                                      [973]   
  build/iphone/Classes/TiNetworkBonjourBrowserProxy.m                                                                      [4984]  
  build/iphone/Classes/TiNetworkBonjourServiceProxy.h                                                                      [1522]  
  build/iphone/Classes/TiNetworkBonjourServiceProxy.m                                                                      [11999] 
  build/iphone/Classes/TiNetworkHTTPClientProxy.h                                                                          [2620]  
  build/iphone/Classes/TiNetworkHTTPClientProxy.m                                                                          [21338] 
  build/iphone/Classes/TiNetworkHTTPClientResultProxy.h                                                                    [609]   
  build/iphone/Classes/TiNetworkHTTPClientResultProxy.m                                                                    [4877]  
  build/iphone/Classes/TiNetworkSocketProxy.h                                                                              [950]   
  build/iphone/Classes/TiNetworkSocketProxy.m                                                                              [835]   
  build/iphone/Classes/TiNetworkSocketTCPProxy.h                                                                           [3046]  
  build/iphone/Classes/TiNetworkSocketTCPProxy.m                                                                           [32773] 
  build/iphone/Classes/TiNetworkTCPSocketProxy.h                                                                           [1185]  
  build/iphone/Classes/TiNetworkTCPSocketProxy.mm                                                                          [24005] 
  build/iphone/Classes/TiPlatformDisplayCaps.h                                                                             [636]   
  build/iphone/Classes/TiPlatformDisplayCaps.m                                                                             [1693]  
  build/iphone/Classes/TiPoint.h                                                                                           [1176]  
  build/iphone/Classes/TiPoint.m                                                                                           [1453]  
  build/iphone/Classes/TiProxy.h                                                                                           [9129]  
  build/iphone/Classes/TiProxy.m                                                                                           [30311] 
  build/iphone/Classes/TiPublicAPI.h                                                                                       [2748]  
  build/iphone/Classes/TiPublicAPI.m                                                                                       [350]   
  build/iphone/Classes/TiRect.h                                                                                            [1201]  
  build/iphone/Classes/TiRect.m                                                                                            [2836]  
  build/iphone/Classes/TiRootController.h                                                                                  [2802]  
  build/iphone/Classes/TiRootViewController.h                                                                              [5256]  
  build/iphone/Classes/TiRootViewController.m                                                                              [43930] 
  build/iphone/Classes/TiStreamProxy.h                                                                                     [1905]  
  build/iphone/Classes/TiStreamProxy.m                                                                                     [5292]  
  build/iphone/Classes/TiStylesheet.h                                                                                      [800]   
  build/iphone/Classes/TiStylesheet.m                                                                                      [4087]  
  build/iphone/Classes/TiTab.h                                                                                             [1003]  
  build/iphone/Classes/TiTabController.h                                                                                   [476]   
  build/iphone/Classes/TiTabGroup.h                                                                                        [500]   
  build/iphone/Classes/TiThreading.h                                                                                       [2372]  
  build/iphone/Classes/TiThreading.m                                                                                       [352]   
  build/iphone/Classes/TiToolbar.h                                                                                         [554]   
  build/iphone/Classes/TiToolbarButton.h                                                                                   [930]   
  build/iphone/Classes/TiUIActivityIndicator.h                                                                             [701]   
  build/iphone/Classes/TiUIActivityIndicator.m                                                                             [4598]  
  build/iphone/Classes/TiUIActivityIndicatorProxy.h                                                                        [475]   
  build/iphone/Classes/TiUIActivityIndicatorProxy.m                                                                        [853]   
  build/iphone/Classes/TiUIAlertDialogProxy.h                                                                              [470]   
  build/iphone/Classes/TiUIAlertDialogProxy.m                                                                              [4004]  
  build/iphone/Classes/TiUIButton.h                                                                                        [795]   
  build/iphone/Classes/TiUIButton.m                                                                                        [9968]  
  build/iphone/Classes/TiUIButtonBar.h                                                                                     [599]   
  build/iphone/Classes/TiUIButtonBar.m                                                                                     [6135]  
  build/iphone/Classes/TiUIButtonBarProxy.h                                                                                [402]   
  build/iphone/Classes/TiUIButtonBarProxy.m                                                                                [978]   
  build/iphone/Classes/TiUIButtonProxy.h                                                                                   [620]   
  build/iphone/Classes/TiUIButtonProxy.m                                                                                   [3520]  
  build/iphone/Classes/TiUICanvasView.h                                                                                    [527]   
  build/iphone/Classes/TiUICanvasView.m                                                                                    [10088] 
  build/iphone/Classes/TiUICanvasViewProxy.h                                                                               [435]   
  build/iphone/Classes/TiUICanvasViewProxy.m                                                                               [659]   
  build/iphone/Classes/TiUIClipboardProxy.h                                                                                [668]   
  build/iphone/Classes/TiUIClipboardProxy.m                                                                                [6010]  
  build/iphone/Classes/TiUIDashboardItem.h                                                                                 [444]   
  build/iphone/Classes/TiUIDashboardItem.m                                                                                 [900]   
  build/iphone/Classes/TiUIDashboardItemProxy.h                                                                            [558]   
  build/iphone/Classes/TiUIDashboardItemProxy.m                                                                            [2165]  
  build/iphone/Classes/TiUIDashboardView.h                                                                                 [578]   
  build/iphone/Classes/TiUIDashboardView.m                                                                                 [5562]  
  build/iphone/Classes/TiUIDashboardViewProxy.h                                                                            [444]   
  build/iphone/Classes/TiUIDashboardViewProxy.m                                                                            [1739]  
  build/iphone/Classes/TiUIEmailDialogProxy.h                                                                              [836]   
  build/iphone/Classes/TiUIEmailDialogProxy.m                                                                              [4657]  
  build/iphone/Classes/TiUIImageView.h                                                                                     [1183]  
  build/iphone/Classes/TiUIImageView.m                                                                                     [20278] 
  build/iphone/Classes/TiUIImageViewProxy.h                                                                                [701]   
  build/iphone/Classes/TiUIImageViewProxy.m                                                                                [5458]  
  build/iphone/Classes/TiUIiOSAdView.h                                                                                     [550]   
  build/iphone/Classes/TiUIiOSAdView.m                                                                                     [3673]  
  build/iphone/Classes/TiUIiOSAdViewProxy.h                                                                                [624]   
  build/iphone/Classes/TiUIiOSAdViewProxy.m                                                                                [1812]  
  build/iphone/Classes/TiUIiOSCoverFlowView.h                                                                              [804]   
  build/iphone/Classes/TiUIiOSCoverFlowView.m                                                                              [7921]  
  build/iphone/Classes/TiUIiOSCoverFlowViewProxy.h                                                                         [494]   
  build/iphone/Classes/TiUIiOSCoverFlowViewProxy.m                                                                         [1036]  
  build/iphone/Classes/TiUIiOSProxy.h                                                                                      [938]   
  build/iphone/Classes/TiUIiOSProxy.m                                                                                      [5853]  
  build/iphone/Classes/TiUIiOSTabbedBarProxy.h                                                                             [476]   
  build/iphone/Classes/TiUIiOSTabbedBarProxy.m                                                                             [881]   
  build/iphone/Classes/TiUIiOSToolbar.h                                                                                    [572]   
  build/iphone/Classes/TiUIiOSToolbar.m                                                                                    [4560]  
  build/iphone/Classes/TiUIiOSToolbarProxy.h                                                                               [507]   
  build/iphone/Classes/TiUIiOSToolbarProxy.m                                                                               [2097]  
  build/iphone/Classes/TiUIiPadDocumentViewerProxy.h                                                                       [670]   
  build/iphone/Classes/TiUIiPadDocumentViewerProxy.m                                                                       [3879]  
  build/iphone/Classes/TiUIiPadPopover.h                                                                                   [534]   
  build/iphone/Classes/TiUIiPadPopover.m                                                                                   [483]   
  build/iphone/Classes/TiUIiPadPopoverProxy.h                                                                              [1578]  
  build/iphone/Classes/TiUIiPadPopoverProxy.m                                                                              [10850] 
  build/iphone/Classes/TiUIiPadProxy.h                                                                                     [1472]  
  build/iphone/Classes/TiUIiPadProxy.m                                                                                     [1911]  
  build/iphone/Classes/TiUIiPadSplitWindow.h                                                                               [889]   
  build/iphone/Classes/TiUIiPadSplitWindow.m                                                                               [5833]  
  build/iphone/Classes/TiUIiPadSplitWindowButtonProxy.h                                                                    [598]   
  build/iphone/Classes/TiUIiPadSplitWindowButtonProxy.m                                                                    [974]   
  build/iphone/Classes/TiUIiPadSplitWindowProxy.h                                                                          [533]   
  build/iphone/Classes/TiUIiPadSplitWindowProxy.m                                                                          [2589]  
  build/iphone/Classes/TiUIiPhoneActivityIndicatorStyleProxy.h                                                             [606]   
  build/iphone/Classes/TiUIiPhoneActivityIndicatorStyleProxy.m                                                             [667]   
  build/iphone/Classes/TiUIiPhoneAnimationStyleProxy.h                                                                     [713]   
  build/iphone/Classes/TiUIiPhoneAnimationStyleProxy.m                                                                     [817]   
  build/iphone/Classes/TiUIiPhoneNavigationGroup.h                                                                         [838]   
  build/iphone/Classes/TiUIiPhoneNavigationGroup.m                                                                         [5918]  
  build/iphone/Classes/TiUIiPhoneNavigationGroupProxy.h                                                                    [830]   
  build/iphone/Classes/TiUIiPhoneNavigationGroupProxy.m                                                                    [4960]  
  build/iphone/Classes/TiUIiPhoneProgressBarStyleProxy.h                                                                   [597]   
  build/iphone/Classes/TiUIiPhoneProgressBarStyleProxy.m                                                                   [623]   
  build/iphone/Classes/TiUIiPhoneProxy.h                                                                                   [3815]  
  build/iphone/Classes/TiUIiPhoneProxy.m                                                                                   [10690] 
  build/iphone/Classes/TiUIiPhoneRowAnimationStyleProxy.h                                                                  [881]   
  build/iphone/Classes/TiUIiPhoneRowAnimationStyleProxy.m                                                                  [919]   
  build/iphone/Classes/TiUIiPhoneScrollIndicatorStyleProxy.h                                                               [617]   
  build/iphone/Classes/TiUIiPhoneScrollIndicatorStyleProxy.m                                                               [678]   
  build/iphone/Classes/TiUIiPhoneStatusBarProxy.h                                                                          [885]   
  build/iphone/Classes/TiUIiPhoneStatusBarProxy.m                                                                          [927]   
  build/iphone/Classes/TiUIiPhoneSystemButtonProxy.h                                                                       [1794]  
  build/iphone/Classes/TiUIiPhoneSystemButtonProxy.m                                                                       [1975]  
  build/iphone/Classes/TiUIiPhoneSystemButtonStyleProxy.h                                                                  [667]   
  build/iphone/Classes/TiUIiPhoneSystemButtonStyleProxy.m                                                                  [682]   
  build/iphone/Classes/TiUIiPhoneSystemIconProxy.h                                                                         [1046]  
  build/iphone/Classes/TiUIiPhoneSystemIconProxy.m                                                                         [1115]  
  build/iphone/Classes/TiUIiPhoneTableViewCellSelectionStyleProxy.h                                                        [626]   
  build/iphone/Classes/TiUIiPhoneTableViewCellSelectionStyleProxy.m                                                        [698]   
  build/iphone/Classes/TiUIiPhoneTableViewScrollPositionProxy.h                                                            [667]   
  build/iphone/Classes/TiUIiPhoneTableViewScrollPositionProxy.m                                                            [715]   
  build/iphone/Classes/TiUIiPhoneTableViewSeparatorStyleProxy.h                                                            [569]   
  build/iphone/Classes/TiUIiPhoneTableViewSeparatorStyleProxy.m                                                            [621]   
  build/iphone/Classes/TiUIiPhoneTableViewStyleProxy.h                                                                     [547]   
  build/iphone/Classes/TiUIiPhoneTableViewStyleProxy.m                                                                     [562]   
  build/iphone/Classes/TiUILabel.h                                                                                         [672]   
  build/iphone/Classes/TiUILabel.m                                                                                         [6965]  
  build/iphone/Classes/TiUILabelProxy.h                                                                                    [429]   
  build/iphone/Classes/TiUILabelProxy.m                                                                                    [1717]  
  build/iphone/Classes/TiUIMaskedImage.h                                                                                   [546]   
  build/iphone/Classes/TiUIMaskedImage.m                                                                                   [2768]  
  build/iphone/Classes/TiUIMaskedImageProxy.h                                                                              [451]   
  build/iphone/Classes/TiUIMaskedImageProxy.m                                                                              [668]   
  build/iphone/Classes/TiUINavBarButton.h                                                                                  [616]   
  build/iphone/Classes/TiUINavBarButton.m                                                                                  [6651]  
  build/iphone/Classes/TiUIOptionDialogProxy.h                                                                             [864]   
  build/iphone/Classes/TiUIOptionDialogProxy.m                                                                             [6329]  
  build/iphone/Classes/TiUIPicker.h                                                                                        [910]   
  build/iphone/Classes/TiUIPicker.m                                                                                        [11479] 
  build/iphone/Classes/TiUIPickerColumnProxy.h                                                                             [719]   
  build/iphone/Classes/TiUIPickerColumnProxy.m                                                                             [1174]  
  build/iphone/Classes/TiUIPickerProxy.h                                                                                   [529]   
  build/iphone/Classes/TiUIPickerProxy.m                                                                                   [8817]  
  build/iphone/Classes/TiUIPickerRowProxy.h                                                                                [434]   
  build/iphone/Classes/TiUIPickerRowProxy.m                                                                                [429]   
  build/iphone/Classes/TiUIProgressBar.h                                                                                   [634]   
  build/iphone/Classes/TiUIProgressBar.m                                                                                   [3655]  
  build/iphone/Classes/TiUIProgressBarProxy.h                                                                              [440]   
  build/iphone/Classes/TiUIProgressBarProxy.m                                                                              [942]   
  build/iphone/Classes/TiUIScrollableView.h                                                                                [1295]  
  build/iphone/Classes/TiUIScrollableView.m                                                                                [18658] 
  build/iphone/Classes/TiUIScrollableViewProxy.h                                                                           [684]   
  build/iphone/Classes/TiUIScrollableViewProxy.m                                                                           [5912]  
  build/iphone/Classes/TiUIScrollView.h                                                                                    [1235]  
  build/iphone/Classes/TiUIScrollView.m                                                                                    [12143] 
  build/iphone/Classes/TiUIScrollViewProxy.h                                                                               [604]   
  build/iphone/Classes/TiUIScrollViewProxy.m                                                                               [12529] 
  build/iphone/Classes/TiUISearchBar.h                                                                                     [721]   
  build/iphone/Classes/TiUISearchBar.m                                                                                     [6806]  
  build/iphone/Classes/TiUISearchBarProxy.h                                                                                [826]   
  build/iphone/Classes/TiUISearchBarProxy.m                                                                                [2003]  
  build/iphone/Classes/TiUISlider.h                                                                                        [675]   
  build/iphone/Classes/TiUISlider.m                                                                                        [8260]  
  build/iphone/Classes/TiUISliderProxy.h                                                                                   [431]   
  build/iphone/Classes/TiUISliderProxy.m                                                                                   [892]   
  build/iphone/Classes/TiUISwitch.h                                                                                        [478]   
  build/iphone/Classes/TiUISwitch.m                                                                                        [3187]  
  build/iphone/Classes/TiUISwitchProxy.h                                                                                   [399]   
  build/iphone/Classes/TiUISwitchProxy.m                                                                                   [831]   
  build/iphone/Classes/TiUITabController.h                                                                                 [743]   
  build/iphone/Classes/TiUITabController.m                                                                                 [1155]  
  build/iphone/Classes/TiUITabGroup.h                                                                                      [975]   
  build/iphone/Classes/TiUITabGroup.m                                                                                      [13017] 
  build/iphone/Classes/TiUITabGroupProxy.h                                                                                 [592]   
  build/iphone/Classes/TiUITabGroupProxy.m                                                                                 [5693]  
  build/iphone/Classes/TiUITableView.h                                                                                     [3128]  
  build/iphone/Classes/TiUITableView.m                                                                                     [73790] 
  build/iphone/Classes/TiUITableViewAction.h                                                                               [1316]  
  build/iphone/Classes/TiUITableViewAction.m                                                                               [1276]  
  build/iphone/Classes/TiUITableViewProxy.h                                                                                [1058]  
  build/iphone/Classes/TiUITableViewProxy.m                                                                                [21356] 
  build/iphone/Classes/TiUITableViewRowProxy.h                                                                             [1884]  
  build/iphone/Classes/TiUITableViewRowProxy.m                                                                             [24815] 
  build/iphone/Classes/TiUITableViewSectionProxy.h                                                                         [1124]  
  build/iphone/Classes/TiUITableViewSectionProxy.m                                                                         [3374]  
  build/iphone/Classes/TiUITabProxy.h                                                                                      [1920]  
  build/iphone/Classes/TiUITabProxy.m                                                                                      [16505] 
  build/iphone/Classes/TiUITextArea.h                                                                                      [485]   
  build/iphone/Classes/TiUITextArea.m                                                                                      [5531]  
  build/iphone/Classes/TiUITextAreaProxy.h                                                                                 [452]   
  build/iphone/Classes/TiUITextAreaProxy.m                                                                                 [504]   
  build/iphone/Classes/TiUITextField.h                                                                                     [1221]  
  build/iphone/Classes/TiUITextField.m                                                                                     [12117] 
  build/iphone/Classes/TiUITextFieldProxy.h                                                                                [455]   
  build/iphone/Classes/TiUITextFieldProxy.m                                                                                [1697]  
  build/iphone/Classes/TiUITextWidget.h                                                                                    [992]   
  build/iphone/Classes/TiUITextWidget.m                                                                                    [4645]  
  build/iphone/Classes/TiUITextWidgetProxy.h                                                                               [1125]  
  build/iphone/Classes/TiUITextWidgetProxy.m                                                                               [7469]  
  build/iphone/Classes/TiUIView.h                                                                                          [7517]  
  build/iphone/Classes/TiUIView.m                                                                                          [37772] 
  build/iphone/Classes/TiUIViewProxy.h                                                                                     [399]   
  build/iphone/Classes/TiUIViewProxy.m                                                                                     [388]   
  build/iphone/Classes/TiUIWebView.h                                                                                       [1315]  
  build/iphone/Classes/TiUIWebView.m                                                                                       [23893] 
  build/iphone/Classes/TiUIWebViewProxy.h                                                                                  [591]   
  build/iphone/Classes/TiUIWebViewProxy.m                                                                                  [6262]  
  build/iphone/Classes/TiUIWindow.h                                                                                        [419]   
  build/iphone/Classes/TiUIWindow.m                                                                                        [1353]  
  build/iphone/Classes/TiUIWindowProxy.h                                                                                   [832]   
  build/iphone/Classes/TiUIWindowProxy.m                                                                                   [25476] 
  build/iphone/Classes/TiUtils.h                                                                                           [18111] 
  build/iphone/Classes/TiUtils.m                                                                                           [45912] 
  build/iphone/Classes/TiViewController.h                                                                                  [2493]  
  build/iphone/Classes/TiViewController.m                                                                                  [3712]  
  build/iphone/Classes/TiViewProxy.h                                                                                       [15674] 
  build/iphone/Classes/TiViewProxy.m                                                                                       [78581] 
  build/iphone/Classes/TiWindowProxy.h                                                                                     [5395]  
  build/iphone/Classes/TiWindowProxy.m                                                                                     [22110] 
  build/iphone/Classes/TopTiModule.h                                                                                       [391]   
  build/iphone/Classes/TopTiModule.m                                                                                       [6268]  
  build/iphone/Classes/UIImage+Alpha.h                                                                                     [588]   
  build/iphone/Classes/UIImage+Alpha.m                                                                                     [5886]  
  build/iphone/Classes/UIImage+Resize.h                                                                                    [1070]  
  build/iphone/Classes/UIImage+Resize.m                                                                                    [8778]  
  build/iphone/Classes/UIImage+RoundedCorner.h                                                                             [495]   
  build/iphone/Classes/UIImage+RoundedCorner.m                                                                             [3367]  
  build/iphone/Classes/UIModule.h                                                                                          [7325]  
  build/iphone/Classes/UIModule.m                                                                                          [17329] 
  build/iphone/Classes/UtilsModule.h                                                                                       [429]   
  build/iphone/Classes/UtilsModule.m                                                                                       [3387]  
  build/iphone/Classes/Webcolor.h                                                                                          [1527]  
  build/iphone/Classes/Webcolor.m                                                                                          [7396]  
  build/iphone/Classes/WebFont.h                                                                                           [2319]  
  build/iphone/Classes/WebFont.m                                                                                           [11126] 
  build/iphone/Classes/XHRBridge.h                                                                                         [559]   
  build/iphone/Classes/XHRBridge.m                                                                                         [5874]  
  build/iphone/Classes/XMLModule.h                                                                                         [415]   
  build/iphone/Classes/XMLModule.m                                                                                         [3690]  
  build/iphone/Classes/YahooModule.h                                                                                       [632]   
  build/iphone/Classes/YahooModule.m                                                                                       [5977]  
  build/iphone/Classes/AFOpenFlow/AFItemView.h                                                                             [1844]  
  build/iphone/Classes/AFOpenFlow/AFItemView.m                                                                             [2977]  
  build/iphone/Classes/AFOpenFlow/AFOpenFlowConstants.h                                                                    [1368]  
  build/iphone/Classes/AFOpenFlow/AFOpenFlowView.h                                                                         [2919]  
  build/iphone/Classes/AFOpenFlow/AFOpenFlowView.m                                                                         [17078] 
  build/iphone/Classes/AFOpenFlow/AFUIImageReflection.h                                                                    [1570]  
  build/iphone/Classes/AFOpenFlow/AFUIImageReflection.m                                                                    [4541]  
  build/iphone/Classes/AFOpenFlow/UIImageExtras.h                                                                          [1542]  
  build/iphone/Classes/AFOpenFlow/UIImageExtras.m                                                                          [3169]  
  build/iphone/Classes/ASI/ASIAuthenticationDialog.h                                                                       [1107]  
  build/iphone/Classes/ASI/ASIAuthenticationDialog.m                                                                       [16202] 
  build/iphone/Classes/ASI/ASICacheDelegate.h                                                                              [5151]  
  build/iphone/Classes/ASI/ASIDataCompressor.h                                                                             [1836]  
  build/iphone/Classes/ASI/ASIDataCompressor.m                                                                             [6755]  
  build/iphone/Classes/ASI/ASIDataDecompressor.h                                                                           [1699]  
  build/iphone/Classes/ASI/ASIDataDecompressor.m                                                                           [6422]  
  build/iphone/Classes/ASI/ASIDownloadCache.h                                                                              [1996]  
  build/iphone/Classes/ASI/ASIDownloadCache.m                                                                              [17753] 
  build/iphone/Classes/ASI/ASIFormDataRequest.h                                                                            [2693]  
  build/iphone/Classes/ASI/ASIFormDataRequest.m                                                                            [11229] 
  build/iphone/Classes/ASI/ASIHTTPRequest.h                                                                                [45431] 
  build/iphone/Classes/ASI/ASIHTTPRequest.m                                                                                [187578]
  build/iphone/Classes/ASI/ASIHTTPRequestConfig.h                                                                          [1144]  
  build/iphone/Classes/ASI/ASIHTTPRequestDelegate.h                                                                        [1598]  
  build/iphone/Classes/ASI/ASIInputStream.h                                                                                [969]   
  build/iphone/Classes/ASI/ASIInputStream.m                                                                                [3122]  
  build/iphone/Classes/ASI/ASINetworkQueue.h                                                                               [4621]  
  build/iphone/Classes/ASI/ASINetworkQueue.m                                                                               [11405] 
  build/iphone/Classes/ASI/ASIProgressDelegate.h                                                                           [1656]  
  build/iphone/Classes/ASI/Reachability.h                                                                                  [7424]  
  build/iphone/Classes/ASI/Reachability.m                                                                                  [24137] 
  build/iphone/Classes/AudioStreamer/AudioStreamer.h                                                                       [4525]  
  build/iphone/Classes/AudioStreamer/AudioStreamer.m                                                                       [6303]  
  build/iphone/Classes/AudioStreamer/AudioStreamerCUR.h                                                                    [3860]  
  build/iphone/Classes/AudioStreamer/AudioStreamerCUR.m                                                                    [44987] 
  build/iphone/Classes/FBConnect/Facebook.h                                                                                [3923]  
  build/iphone/Classes/FBConnect/Facebook.m                                                                                [23825] 
  build/iphone/Classes/FBConnect/FBConnect.h                                                                               [737]   
  build/iphone/Classes/FBConnect/FBDialog.h                                                                                [4629]  
  build/iphone/Classes/FBConnect/FBDialog.m                                                                                [22240] 
  build/iphone/Classes/FBConnect/FBLoginButton.h                                                                           [1155]  
  build/iphone/Classes/FBConnect/FBLoginButton.m                                                                           [2378]  
  build/iphone/Classes/FBConnect/FBLoginDialog.h                                                                           [1432]  
  build/iphone/Classes/FBConnect/FBLoginDialog.m                                                                           [3825]  
  build/iphone/Classes/FBConnect/FBRequest.h                                                                               [3408]  
  build/iphone/Classes/FBConnect/FBRequest.m                                                                               [11453] 
  build/iphone/Classes/JSON/JSON.h                                                                                         [2296]  
  build/iphone/Classes/JSON/MASS-TODO                                                                                      [521]   
  build/iphone/Classes/JSON/NSObject+SBJSON.h                                                                              [2653]  
  build/iphone/Classes/JSON/NSObject+SBJSON.m                                                                              [2242]  
  build/iphone/Classes/JSON/NSString+SBJSON.h                                                                              [2354]  
  build/iphone/Classes/JSON/NSString+SBJSON.m                                                                              [2209]  
  build/iphone/Classes/JSON/SBJSON.h                                                                                       [2837]  
  build/iphone/Classes/JSON/SBJSON.m                                                                                       [6878]  
  build/iphone/Classes/JSON/SBJsonBase.h                                                                                   [2978]  
  build/iphone/Classes/JSON/SBJsonBase.m                                                                                   [2787]  
  build/iphone/Classes/JSON/SBJsonParser.h                                                                                 [3121]  
  build/iphone/Classes/JSON/SBJsonParser.m                                                                                 [14064] 
  build/iphone/Classes/JSON/SBJsonWriter.h                                                                                 [4456]  
  build/iphone/Classes/JSON/SBJsonWriter.m                                                                                 [8006]  
  build/iphone/Classes/MGSplitView/MGSplitCornersView.h                                                                    [1228]  
  build/iphone/Classes/MGSplitView/MGSplitCornersView.m                                                                    [6127]  
  build/iphone/Classes/MGSplitView/MGSplitDividerView.h                                                                    [619]   
  build/iphone/Classes/MGSplitView/MGSplitDividerView.m                                                                    [5359]  
  build/iphone/Classes/MGSplitView/MGSplitView.h                                                                           [704]   
  build/iphone/Classes/MGSplitView/MGSplitView.m                                                                           [1304]  
  build/iphone/Classes/MGSplitView/MGSplitViewController.h                                                                 [7795]  
  build/iphone/Classes/MGSplitView/MGSplitViewController.m                                                                 [34392] 
  build/iphone/Classes/PlausibleDatabase/PlausibleDatabase.h                                                               [8516]  
  build/iphone/Classes/PlausibleDatabase/PlausibleDatabase.m                                                               [4105]  
  build/iphone/Classes/PlausibleDatabase/PLDatabase.h                                                                      [8453]  
  build/iphone/Classes/PlausibleDatabase/PLPreparedStatement.h                                                             [5314]  
  build/iphone/Classes/PlausibleDatabase/PLResultSet.h                                                                     [7985]  
  build/iphone/Classes/PlausibleDatabase/PLSqliteDatabase.h                                                                [2431]  
  build/iphone/Classes/PlausibleDatabase/PLSqliteDatabase.m                                                                [15411] 
  build/iphone/Classes/PlausibleDatabase/PLSqlitePreparedStatement.h                                                       [2533]  
  build/iphone/Classes/PlausibleDatabase/PLSqlitePreparedStatement.m                                                       [15247] 
  build/iphone/Classes/PlausibleDatabase/PLSqliteResultSet.h                                                               [2264]  
  build/iphone/Classes/PlausibleDatabase/PLSqliteResultSet.m                                                               [11134] 
  build/iphone/headers/TiCore/Ti.h                                                                                         [1825]  
  build/iphone/headers/TiCore/TiBase.h                                                                                     [6625]  
  build/iphone/headers/TiCore/TiContextRef.h                                                                               [5341]  
  build/iphone/headers/TiCore/TiContextRefPrivate.h                                                                        [2448]  
  build/iphone/headers/TiCore/TiCore.h                                                                                     [1696]  
  build/iphone/headers/TiCore/TiObjectRef.h                                                                                [37986] 
  build/iphone/headers/TiCore/TiStringRef.h                                                                                [5863]  
  build/iphone/headers/TiCore/TiStringRefCF.h                                                                              [2624]  
  build/iphone/headers/TiCore/TiValueRef.h                                                                                 [12859] 
  build/iphone/headers/TiCore/WebKitAvailability.h                                                                         [32977] 
  build/iphone/lib/libti_ios_debugger.a                                                                                    [4325396]
  build/iphone/lib/libTiCore.a                                                                                             [247725516]
  build/iphone/lib/libtiverify.a                                                                                           [460500]
  build/iphone/Resources/.version                                                                                          [172]   
  build/iphone/Resources/appicon.png                                                                                       [4275]  
  build/iphone/Resources/debugger.plist                                                                                    [260]   
  build/iphone/Resources/Default-Landscape.png                                                                             [517419]
  build/iphone/Resources/Default-Portrait.png                                                                              [551670]
  build/iphone/Resources/Default.png                                                                                       [114262]
  build/iphone/Resources/Default@2x.png                                                                                    [380255]
  build/iphone/Resources/Entitlements.plist                                                                                [227]   
  build/iphone/Resources/stylesheet.plist                                                                                  [132]   
  build/iphone/Workout Log.xcodeproj/project.pbxproj                                                                       [396058]
  i18n/de/strings.xml                                                                                                      [317]   
  i18n/en/strings.xml                                                                                                      [291]   
  Resources/.DS_Store                                                                                                      [6148]  
  Resources/app.js                                                                                                         [731]   
  Resources/images/appicon.png                                                                                             [4275]  
  Resources/images/Default-Landscape.png                                                                                   [517419]
  Resources/images/Default-Portrait.png                                                                                    [551670]
  Resources/images/Default.png                                                                                             [114262]
  Resources/images/Default@2x.png                                                                                          [380255]
  Resources/images/nav_plans.png                                                                                           [3103]  
  Resources/images/nav_plans@2x.png                                                                                        [3292]  
  Resources/images/nav_settings.png                                                                                        [1148]  
  Resources/images/nav_settings@2x.png                                                                                     [4756]  
  Resources/images/nav_workout.png                                                                                         [3155]  
  Resources/images/nav_workout@2x.png                                                                                      [3380]  
  Resources/iphone/appicon.png                                                                                             [4275]  
  Resources/iphone/Default.png                                                                                             [114262]
  Resources/iphone/Default@2x.png                                                                                          [380255]
  Resources/ui/ApplicationTabGroup.js                                                                                      [775]   
  Resources/ui/ApplicationWindow.js                                                                                        [546]   
----------------------------------------------------------------------------------------------------------------------------------
Total files: 248.0 MB

Contents of Info.plist

<?xml version="1.0" encoding="UTF-8"?>
<!DOCTYPE plist PUBLIC "-//Apple//DTD PLIST 1.0//EN" "http://www.apple.com/DTDs/PropertyList-1.0.dtd">
<plist version="1.0">
<dict>
	<key>CFBundleDevelopmentRegion</key>
	<string>English</string>
	<key>CFBundleDisplayName</key>
	<string>${PRODUCT_NAME}</string>
	<key>CFBundleExecutable</key>
	<string>${EXECUTABLE_NAME}</string>
	<key>CFBundleIconFile</key>
	<string>appicon.png</string>
	<key>CFBundleURLTypes</key>
	<array>
		<dict>
			<key>CFBundleURLName</key>
			<string>de.michael-kuehnel.de.titanium-workout-log</string>
			<key>CFBundleURLSchemes</key>
			<array>
				<string>workoutlog</string>
				
			</array>
		</dict>
	</array>
	<key>CFBundleIdentifier</key>
	<string>de.michael-kuehnel.de.titanium-workout-log</string>
	<key>CFBundleInfoDictionaryVersion</key>
	<string>6.0</string>
	<key>CFBundleName</key>
	<string>${PRODUCT_NAME}</string>
	<key>CFBundlePackageType</key>
	<string>APPL</string>
	<key>CFBundleSignature</key>
	<string>????</string>
	<key>CFBundleVersion</key>
	<string>1.0</string>
	<key>CFBundleShortVersionString</key>
	<string>1.0</string>
	<key>LSRequiresIPhoneOS</key>
	<true/>
	<key>CFBundleIconFiles</key>
	<array>
		<string>appicon.png</string>
	</array>

	<key>UISupportedInterfaceOrientations~ipad</key>
		<array>
		<string>UIInterfaceOrientationPortrait</string>
		<string>UIInterfaceOrientationPortraitUpsideDown</string>
		<string>UIInterfaceOrientationLandscapeLeft</string>
		<string>UIInterfaceOrientationLandscapeRight</string>
	</array>
	<key>UISupportedInterfaceOrientations</key>
		<array>
		<string>UIInterfaceOrientationPortrait</string>
	</array>
	<key>UIStatusBarStyle</key>
	<string>UIStatusBarStyleDefault</string>
</dict>
</plist>

==================================================================================================================================

Generated the following entitlements:

<?xml version="1.0" encoding="UTF-8"?> 	
<!DOCTYPE plist PUBLIC "-//Apple//DTD PLIST 1.0//EN" "http://www.apple.com/DTDs/PropertyList-1.0.dtd">
<plist version="1.0">
	<dict>
<key>get-task-allow</key>
		<true/>
	</dict>
</plist>

Starting Xcode compile with the following arguments:

    xcodebuild
    -target
    Workout Log
    -configuration
    Release
    -sdk
    iphoneos5.0
    CODE_SIGN_ENTITLEMENTS=Resources/Entitlements.plist
    GCC_PREPROCESSOR_DEFINITIONS=DEPLOYTYPE=test TI_TEST=1  
    PROVISIONING_PROFILE=2BCC5828-2A4A-481E-A8A0-83FCB3D33776
    CODE_SIGN_IDENTITY=iPhone Distribution: Michael Kuehnel
    DEPLOYMENT_POSTPROCESSING=YES
    IPHONEOS_DEPLOYMENT_TARGET=4.0
    TARGETED_DEVICE_FAMILY=1

app_id = de.michael-kuehnel.de.titanium-workout-log


Build settings from command line:
    CODE_SIGN_ENTITLEMENTS = Resources/Entitlements.plist
    CODE_SIGN_IDENTITY = iPhone Distribution: Michael Kuehnel
    DEPLOYMENT_POSTPROCESSING = YES
    GCC_PREPROCESSOR_DEFINITIONS = DEPLOYTYPE=test TI_TEST=1  
    IPHONEOS_DEPLOYMENT_TARGET = 4.0
    PROVISIONING_PROFILE = 2BCC5828-2A4A-481E-A8A0-83FCB3D33776
    SDKROOT = iphoneos5.0
    TARGETED_DEVICE_FAMILY = 1

=== BUILD NATIVE TARGET Workout Log OF PROJECT Workout Log WITH CONFIGURATION Release ===
Check dependencies
[BEROR]Code Sign error: The identity 'iPhone Distribution: Michael Kuehnel' doesn't match any valid certificate/private key pair in the default keychain


** BUILD FAILED **


The following build commands failed:
	Check dependencies
(1 failure)
EXIT CODE WAS: 65

Exception detected in script:
Traceback (most recent call last):
  File "/Volumes/Macintosh HD/Users/michael/Library/Application Support/Titanium/mobilesdk/osx/2.1.0.GA/iphone/builder.py", line 1482, in main
    execute_xcode("iphoneos%s" % iphone_version,args,False)
  File "/Volumes/Macintosh HD/Users/michael/Library/Application Support/Titanium/mobilesdk/osx/2.1.0.GA/iphone/builder.py", line 1241, in execute_xcode
    output = run.run(args,False,False,o)
  File "/Volumes/Data/Users/michael/Library/Application Support/Titanium/mobilesdk/osx/2.1.0.GA/iphone/run.py", line 41, in run
    sys.exit(rc)
SystemExit: 65
